{"/Users/dan/git/redux-setup/src/js/actions/actions.js":{"path":"/Users/dan/git/redux-setup/src/js/actions/actions.js","s":{"1":1,"2":1,"3":1,"4":1,"5":1,"6":1},"b":{},"f":{"1":1},"fnMap":{"1":{"loc":{"start":{"line":19,"column":7},"end":{"line":19,"column":39}},"name":"updateInfo","line":25}},"statementMap":{"1":{"start":{"line":0,"column":0},"end":{"line":0,"column":0},"skip":true},"2":{"start":{"line":0,"column":0},"end":{"line":0,"column":0},"skip":true},"3":{"start":{"line":8,"column":7},"end":{"line":8,"column":41}},"4":{"start":{"line":0,"column":0},"end":{"line":0,"column":0},"skip":true},"5":{"start":{"line":19,"column":7},"end":{"line":25,"column":1}},"6":{"start":{"line":20,"column":4},"end":{"line":24,"column":6}}},"branchMap":{}}}