{"/Users/dan/git/redux-setup/src/js/example.js":{"path":"/Users/dan/git/redux-setup/src/js/example.js","s":{"1":1,"2":1,"3":3,"4":1,"5":1},"b":{},"f":{"1":3},"fnMap":{"1":{"loc":{"start":{"line":2,"column":13},"end":{"line":2,"column":28}},"name":"thingo","line":7}},"statementMap":{"1":{"start":{"line":0,"column":0},"end":{"line":0,"column":0},"skip":true},"2":{"start":{"line":2,"column":0},"end":{"line":4,"column":2}},"3":{"start":{"line":3,"column":4},"end":{"line":3,"column":17}},"4":{"start":{"line":0,"column":0},"end":{"line":0,"column":0},"skip":true},"5":{"start":{"line":0,"column":0},"end":{"line":0,"column":0},"skip":true}},"branchMap":{}}}